c:\users\user\documents\visual studio 2013\projects\translator\translator\debug\translator.pch
c:\users\user\documents\visual studio 2013\projects\translator\translator\debug\vc120.pdb
c:\users\user\documents\visual studio 2013\projects\translator\translator\debug\vc120.idb
c:\users\user\documents\visual studio 2013\projects\translator\translator\debug\stdafx.obj
c:\users\user\documents\visual studio 2013\projects\годнота\translator\translator\debug\translator.pch
c:\users\user\documents\visual studio 2013\projects\годнота\translator\translator\debug\vc120.pdb
c:\users\user\documents\visual studio 2013\projects\годнота\translator\translator\debug\vc120.idb
c:\users\user\documents\visual studio 2013\projects\годнота\translator\translator\debug\stdafx.obj
c:\users\user\documents\visual studio 2013\projects\годнота\translator\translator\debug\translator.obj
c:\users\user\documents\visual studio 2013\projects\translator\debug\translator.ilk
c:\users\user\documents\visual studio 2013\projects\translator\debug\translator.exe
c:\users\user\documents\visual studio 2013\projects\translator\debug\translator.pdb
c:\users\user\documents\visual studio 2013\projects\годнота\translator\debug\translator.ilk
c:\users\user\documents\visual studio 2013\projects\годнота\translator\debug\translator.exe
c:\users\user\documents\visual studio 2013\projects\годнота\translator\debug\translator.pdb
c:\users\user\documents\visual studio 2013\projects\годнота\translator\translator\debug\translator.tlog\cl.command.1.tlog
c:\users\user\documents\visual studio 2013\projects\годнота\translator\translator\debug\translator.tlog\cl.read.1.tlog
c:\users\user\documents\visual studio 2013\projects\годнота\translator\translator\debug\translator.tlog\cl.write.1.tlog
c:\users\user\documents\visual studio 2013\projects\годнота\translator\translator\debug\translator.tlog\link.command.1.tlog
c:\users\user\documents\visual studio 2013\projects\годнота\translator\translator\debug\translator.tlog\link.read.1.tlog
c:\users\user\documents\visual studio 2013\projects\годнота\translator\translator\debug\translator.tlog\link.write.1.tlog
